<?xml version="1.0" encoding="UTF-8"?>
<Site BuildName="Win32-ninja"
	BuildStamp="20240328-1520-Experimental"
	Name="DESKTOP-0I2MUS7"
	Generator="ctest-3.27.7"
	CompilerName="C:/Users/33149/scoop/apps/mingw-winlibs-llvm/current/bin/c++.exe"
	CompilerVersion="13.2.0"
	OSName="Windows"
	Hostname="DESKTOP-0I2MUS7"
	OSRelease=" Professional"
	OSVersion=" (Build 9200)"
	OSPlatform="AMD64"
	Is64Bits="1"
	VendorString=""
	VendorID="Unknown Manufacturer"
	FamilyID="0"
	ModelID="0"
	ProcessorCacheSize="0"
	NumberOfLogicalCPU="8"
	NumberOfPhysicalCPU="4"
	TotalVirtualMemory="12581"
	TotalPhysicalMemory="7973"
	LogicalProcessorsPerPhysical="2"
	ProcessorClockFrequency="1190"
	>
	<Testing>
		<StartDateTime>Mar 29 07:23 China Standard Time</StartDateTime>
		<StartTestTime>1711668236</StartTestTime>
		<TestList/>
		<EndDateTime>Mar 29 07:23 China Standard Time</EndDateTime>
		<EndTestTime>1711668236</EndTestTime>
		<ElapsedMinutes>0</ElapsedMinutes>
	</Testing>
</Site>
