<?xml version="1.0" encoding="UTF-8"?>
<Site BuildName="Win32-mingw32-make"
	BuildStamp="20240505-0719-Experimental"
	Name="DESKTOP-0I2MUS7"
	Generator="ctest-3.29.0"
	CompilerName="C:/Users/33149/scoop/apps/mingw-winlibs-llvm/current/bin/clang++.exe"
	CompilerVersion="17.0.4"
	OSName="Windows"
	Hostname="DESKTOP-0I2MUS7"
	OSRelease=" Professional"
	OSVersion=" (Build 19045)"
	OSPlatform="AMD64"
	Is64Bits="1"
	VendorString="GenuineIntel"
	VendorID="Intel Corporation"
	FamilyID="6"
	ModelID="14"
	ProcessorCacheSize="-1"
	NumberOfLogicalCPU="8"
	NumberOfPhysicalCPU="4"
	TotalVirtualMemory="11813"
	TotalPhysicalMemory="7973"
	LogicalProcessorsPerPhysical="2"
	ProcessorClockFrequency="1190"
	>
	<Testing>
		<StartDateTime>May 05 17:24 China Standard Time</StartDateTime>
		<StartTestTime>1714901055</StartTestTime>
		<TestList/>
		<EndDateTime>May 05 17:24 China Standard Time</EndDateTime>
		<EndTestTime>1714901055</EndTestTime>
		<ElapsedMinutes>0</ElapsedMinutes>
	</Testing>
</Site>
